<?xml version="1.0" encoding="UTF-8"?>
<robot generator="Robot 6.1.1 (Python 3.9.5 on linux)" generated="20230801 23:10:08.242" rpa="false" schemaversion="4">
<suite id="s1" name="Amazon Testes Gherkin" source="/home/lucasrodrigues/Documentos/curso_robot_framework/Robot-Framework/Basico/WebTesting/amazon_testes_gherkin.robot">
<test id="s1-t1" name="Caso de Teste 02 - Pesquisa de um Produto" line="20">
<kw name="Abrir o navegador" library="amazon_resources" type="SETUP">
<kw name="Open Browser" library="SeleniumLibrary">
<arg>browser=${BROWSER}</arg>
<doc>Opens a new browser instance to the optional ``url``.</doc>
<msg timestamp="20230801 23:10:08.378" level="INFO">Opening browser 'chrome' to base url 'None'.</msg>
<status status="PASS" starttime="20230801 23:10:08.378" endtime="20230801 23:10:09.374"/>
</kw>
<kw name="Maximize Browser Window" library="SeleniumLibrary">
<doc>Maximizes current browser window.</doc>
<status status="PASS" starttime="20230801 23:10:09.375" endtime="20230801 23:10:09.481"/>
</kw>
<status status="PASS" starttime="20230801 23:10:08.377" endtime="20230801 23:10:09.481"/>
</kw>
<kw name="Dado que estou na home page da Amazon.com.br" library="amazon_resources">
<kw name="Acessar a home page do site Amazon.com.br" library="amazon_resources">
<kw name="Go To" library="SeleniumLibrary">
<arg>${URL}</arg>
<doc>Navigates the current browser window to the provided ``url``.</doc>
<msg timestamp="20230801 23:10:09.483" level="INFO">Opening url 'https://www.amazon.com.br/'</msg>
<status status="PASS" starttime="20230801 23:10:09.483" endtime="20230801 23:10:11.694"/>
</kw>
<kw name="Wait Until Element Is Visible" library="SeleniumLibrary">
<arg>locator=${MENU_ELETRONICOS}</arg>
<doc>Waits until the element ``locator`` is visible.</doc>
<status status="PASS" starttime="20230801 23:10:11.695" endtime="20230801 23:10:11.778"/>
</kw>
<status status="PASS" starttime="20230801 23:10:09.482" endtime="20230801 23:10:11.778"/>
</kw>
<kw name="Verificar se o título da página fica &quot;Amazon.com.br | Tudo pra você, de A a Z.&quot;" library="amazon_resources" sourcename="Verificar se o título da página fica &quot;${TITULO}&quot;">
<kw name="Title Should Be" library="SeleniumLibrary">
<arg>title=${TITULO}</arg>
<doc>Verifies that the current page title equals ``title``.</doc>
<msg timestamp="20230801 23:10:11.800" level="INFO">Page title is 'Amazon.com.br | Tudo pra você, de A a Z.'.</msg>
<status status="PASS" starttime="20230801 23:10:11.779" endtime="20230801 23:10:11.801"/>
</kw>
<status status="PASS" starttime="20230801 23:10:11.778" endtime="20230801 23:10:11.801"/>
</kw>
<status status="PASS" starttime="20230801 23:10:09.481" endtime="20230801 23:10:11.801"/>
</kw>
<kw name="Quando pesquisar pelo produto &quot;Xbox Series S&quot;" library="amazon_resources">
<kw name="Digitar o nome de produto &quot;Xbox Series S&quot; no campo de pesquisa" library="amazon_resources" sourcename="Digitar o nome de produto &quot;${PRODUTO}&quot; no campo de pesquisa">
<kw name="Input Text" library="SeleniumLibrary">
<arg>twotabsearchtextbox</arg>
<arg>${PRODUTO}</arg>
<doc>Types the given ``text`` into the text field identified by ``locator``.</doc>
<msg timestamp="20230801 23:10:11.804" level="INFO">Typing text 'Xbox Series S' into text field 'twotabsearchtextbox'.</msg>
<status status="PASS" starttime="20230801 23:10:11.803" endtime="20230801 23:10:12.132"/>
</kw>
<status status="PASS" starttime="20230801 23:10:11.802" endtime="20230801 23:10:12.133"/>
</kw>
<kw name="Clicar no botão de pesquisa" library="amazon_resources">
<kw name="Click Element" library="SeleniumLibrary">
<arg>${BOTAO_PESQUISAR}</arg>
<doc>Click the element identified by ``locator``.</doc>
<msg timestamp="20230801 23:10:12.135" level="INFO">Clicking element 'nav-search-submit-button'.</msg>
<status status="PASS" starttime="20230801 23:10:12.134" endtime="20230801 23:10:14.601"/>
</kw>
<status status="PASS" starttime="20230801 23:10:12.133" endtime="20230801 23:10:14.601"/>
</kw>
<status status="PASS" starttime="20230801 23:10:11.801" endtime="20230801 23:10:14.601"/>
</kw>
<kw name="Então o título da página deve ficar &quot;Amazon.com.br : Xbox Series S&quot;" library="amazon_resources" sourcename="Então o título da página deve ficar &quot;${TITULO}&quot;">
<kw name="Verificar se o título da página fica &quot;${TITULO}&quot;" library="amazon_resources" sourcename="Verificar se o título da página fica &quot;${TITULO}&quot;">
<kw name="Title Should Be" library="SeleniumLibrary">
<arg>title=${TITULO}</arg>
<doc>Verifies that the current page title equals ``title``.</doc>
<msg timestamp="20230801 23:10:14.640" level="INFO">Page title is 'Amazon.com.br : Xbox Series S'.</msg>
<status status="PASS" starttime="20230801 23:10:14.603" endtime="20230801 23:10:14.640"/>
</kw>
<status status="PASS" starttime="20230801 23:10:14.602" endtime="20230801 23:10:14.640"/>
</kw>
<status status="PASS" starttime="20230801 23:10:14.601" endtime="20230801 23:10:14.640"/>
</kw>
<kw name="E um produto da linha &quot;Xbox Series S&quot; deve ser mostrado na página" library="amazon_resources">
<kw name="Verificar o resultado da pesquisa se está listando o produto &quot;Xbox Series S&quot;" library="amazon_resources" sourcename="Verificar o resultado da pesquisa se está listando o produto &quot;${PRODUTO}&quot;">
<kw name="Wait Until Page Contains" library="SeleniumLibrary">
<arg>${PRODUTO}</arg>
<doc>Waits until ``text`` appears on the current page.</doc>
<status status="PASS" starttime="20230801 23:10:14.642" endtime="20230801 23:10:14.696"/>
</kw>
<status status="PASS" starttime="20230801 23:10:14.641" endtime="20230801 23:10:14.696"/>
</kw>
<status status="PASS" starttime="20230801 23:10:14.641" endtime="20230801 23:10:14.696"/>
</kw>
<kw name="Fechar o navegador" library="amazon_resources" type="TEARDOWN">
<kw name="Capture Page Screenshot" library="SeleniumLibrary">
<doc>Takes a screenshot of the current page and embeds it into a log file.</doc>
<msg timestamp="20230801 23:10:15.076" level="INFO" html="true">&lt;/td&gt;&lt;/tr&gt;&lt;tr&gt;&lt;td colspan="3"&gt;&lt;a href="selenium-screenshot-7.png"&gt;&lt;img src="selenium-screenshot-7.png" width="800px"&gt;&lt;/a&gt;</msg>
<status status="PASS" starttime="20230801 23:10:14.698" endtime="20230801 23:10:15.076"/>
</kw>
<kw name="Close Browser" library="SeleniumLibrary">
<doc>Closes the current browser.</doc>
<status status="PASS" starttime="20230801 23:10:15.076" endtime="20230801 23:10:15.161"/>
</kw>
<status status="PASS" starttime="20230801 23:10:14.697" endtime="20230801 23:10:15.162"/>
</kw>
<doc>Esse teste verifica a busca de um produto</doc>
<tag>busca_produtos</tag>
<tag>lista_busca</tag>
<status status="PASS" starttime="20230801 23:10:08.376" endtime="20230801 23:10:15.162"/>
</test>
<doc>Before - executado antes de cada caso de teste
After  - executado após cada caso de teste</doc>
<status status="PASS" starttime="20230801 23:10:08.243" endtime="20230801 23:10:15.165"/>
</suite>
<statistics>
<total>
<stat pass="1" fail="0" skip="0">All Tests</stat>
</total>
<tag>
<stat pass="1" fail="0" skip="0">busca_produtos</stat>
<stat pass="1" fail="0" skip="0">lista_busca</stat>
</tag>
<suite>
<stat pass="1" fail="0" skip="0" id="s1" name="Amazon Testes Gherkin">Amazon Testes Gherkin</stat>
</suite>
</statistics>
<errors>
</errors>
</robot>
