<?xml version="1.0" encoding="UTF-8"?>
<robot generator="Robot 6.1.1 (Python 3.9.5 on linux)" generated="20230731 22:22:55.880" rpa="false" schemaversion="4">
<suite id="s1" name="Amazon Testes" source="/home/lucasrodrigues/Documentos/curso_robot_framework/WebTesting/amazon_testes.robot">
<test id="s1-t1" name="Caso de Teste 02 - Pesquisa de um Produto" line="23">
<kw name="Abrir o navegador" library="amazon_resources" type="SETUP">
<kw name="Open Browser" library="SeleniumLibrary">
<arg>browser=chrome</arg>
<doc>Opens a new browser instance to the optional ``url``.</doc>
<msg timestamp="20230731 22:22:56.562" level="INFO">Opening browser 'chrome' to base url 'None'.</msg>
<status status="PASS" starttime="20230731 22:22:56.561" endtime="20230731 22:22:57.854"/>
</kw>
<kw name="Maximize Browser Window" library="SeleniumLibrary">
<doc>Maximizes current browser window.</doc>
<status status="PASS" starttime="20230731 22:22:57.855" endtime="20230731 22:22:57.974"/>
</kw>
<status status="PASS" starttime="20230731 22:22:56.561" endtime="20230731 22:22:57.974"/>
</kw>
<kw name="Acessar a home page do site Amazon.com.br" library="amazon_resources">
<kw name="Go To" library="SeleniumLibrary">
<arg>${URL}</arg>
<doc>Navigates the current browser window to the provided ``url``.</doc>
<msg timestamp="20230731 22:22:57.977" level="INFO">Opening url 'https://www.amazon.com.br/'</msg>
<status status="PASS" starttime="20230731 22:22:57.976" endtime="20230731 22:23:02.144"/>
</kw>
<kw name="Wait Until Element Is Visible" library="SeleniumLibrary">
<arg>locator=${MENU_ELETRONICOS}</arg>
<doc>Waits until the element ``locator`` is visible.</doc>
<status status="PASS" starttime="20230731 22:23:02.144" endtime="20230731 22:23:02.619"/>
</kw>
<status status="PASS" starttime="20230731 22:22:57.975" endtime="20230731 22:23:02.619"/>
</kw>
<kw name="Digitar o nome de produto &quot;Xbox Series S&quot; no campo de pesquisa" library="amazon_resources" sourcename="Digitar o nome de produto &quot;${PRODUTO}&quot; no campo de pesquisa">
<kw name="Input Text" library="SeleniumLibrary">
<arg>twotabsearchtextbox</arg>
<arg>${PRODUTO}</arg>
<doc>Types the given ``text`` into the text field identified by ``locator``.</doc>
<msg timestamp="20230731 22:23:02.621" level="INFO">Typing text 'Xbox Series S' into text field 'twotabsearchtextbox'.</msg>
<status status="PASS" starttime="20230731 22:23:02.620" endtime="20230731 22:23:03.474"/>
</kw>
<status status="PASS" starttime="20230731 22:23:02.619" endtime="20230731 22:23:03.474"/>
</kw>
<kw name="Clicar no botão de pesquisa" library="amazon_resources">
<kw name="Click Element" library="SeleniumLibrary">
<arg>${BOTAO_PESQUISAR}</arg>
<doc>Click the element identified by ``locator``.</doc>
<msg timestamp="20230731 22:23:03.479" level="INFO">Clicking element 'nav-search-submit-button'.</msg>
<status status="PASS" starttime="20230731 22:23:03.476" endtime="20230731 22:23:04.170"/>
</kw>
<status status="PASS" starttime="20230731 22:23:03.475" endtime="20230731 22:23:04.170"/>
</kw>
<kw name="Verificar o resultado da pesquisa se está listando o produto &quot;Console Xbox Series S&quot;" library="amazon_resources" sourcename="Verificar o resultado da pesquisa se está listando o produto &quot;${PRODUTO}&quot;">
<kw name="Wait Until Element Is Visible" library="SeleniumLibrary">
<arg>//span[@class='a-size-base-plus a-color-base a-text-normal'][contains(.,'${PRODUTO}')]</arg>
<doc>Waits until the element ``locator`` is visible.</doc>
<status status="PASS" starttime="20230731 22:23:04.171" endtime="20230731 22:23:06.006"/>
</kw>
<status status="PASS" starttime="20230731 22:23:04.170" endtime="20230731 22:23:06.006"/>
</kw>
<kw name="Fechar o navegador" library="amazon_resources" type="TEARDOWN">
<kw name="Capture Page Screenshot" library="SeleniumLibrary">
<doc>Takes a screenshot of the current page and embeds it into a log file.</doc>
<msg timestamp="20230731 22:23:07.180" level="INFO" html="true">&lt;/td&gt;&lt;/tr&gt;&lt;tr&gt;&lt;td colspan="3"&gt;&lt;a href="selenium-screenshot-6.png"&gt;&lt;img src="selenium-screenshot-6.png" width="800px"&gt;&lt;/a&gt;</msg>
<status status="PASS" starttime="20230731 22:23:06.011" endtime="20230731 22:23:07.180"/>
</kw>
<kw name="Close Browser" library="SeleniumLibrary">
<doc>Closes the current browser.</doc>
<status status="PASS" starttime="20230731 22:23:07.180" endtime="20230731 22:23:07.662"/>
</kw>
<status status="PASS" starttime="20230731 22:23:06.010" endtime="20230731 22:23:07.662"/>
</kw>
<doc>Esse teste verifica a busca de um produto</doc>
<tag>busca_produtos</tag>
<tag>lista_busca</tag>
<status status="PASS" starttime="20230731 22:22:56.555" endtime="20230731 22:23:07.662"/>
</test>
<doc>Before - executado antes de cada caso de teste
After  - executado após cada caso de teste</doc>
<status status="PASS" starttime="20230731 22:22:55.881" endtime="20230731 22:23:07.663"/>
</suite>
<statistics>
<total>
<stat pass="1" fail="0" skip="0">All Tests</stat>
</total>
<tag>
<stat pass="1" fail="0" skip="0">busca_produtos</stat>
<stat pass="1" fail="0" skip="0">lista_busca</stat>
</tag>
<suite>
<stat pass="1" fail="0" skip="0" id="s1" name="Amazon Testes">Amazon Testes</stat>
</suite>
</statistics>
<errors>
</errors>
</robot>
